<?xml version="1.0" encoding="UTF-8"?>
<testsuite xmlns:xsi="http://www.w3.org/2001/XMLSchema-instance" xsi:noNamespaceSchemaLocation="https://maven.apache.org/surefire/maven-surefire-plugin/xsd/surefire-test-report-3.0.xsd" version="3.0" name="stepdefinitions.CucumberTest" time="0.243" tests="1" errors="0" skipped="0" failures="0">
  <properties>
[...]
</properties>
  <testcase name="Add two numbers" classname="simple test" time="0.055">
    <system-out><![CDATA[
Scenario: Add two numbers      &amp#27;[90m# features/test.feature:3&amp#27;[0m
  &amp#27;[32mGiven &amp#27;[0m&amp#27;[32mI have numbers &amp#27;[0m&amp#27;[32m&amp#27;[1m2&amp#27;[0m&amp#27;[32m and &amp#27;[0m&amp#27;[32m&amp#27;[1m3&amp#27;[0m &amp#27;[90m# stepdefinitions.stepdefinitions.i_have_numbers(int,int)&amp#27;[0m
  &amp#27;[32mWhen &amp#27;[0m&amp#27;[32mI add them&amp#27;[0m              &amp#27;[90m# stepdefinitions.stepdefinitions.i_add_them()&amp#27;[0m
  &amp#27;[32mThen &amp#27;[0m&amp#27;[32mthe result should be &amp#27;[0m&amp#27;[32m&amp#27;[1m5&amp#27;[0m  &amp#27;[90m# stepdefinitions.stepdefinitions.the_result_should_be(int)&amp#27;[0m
]]></system-out>
  </testcase>
</testsuite>